Determining if the pthread_create exist failed with the following output:
Change Dir: /home/acmece/桌面/xyzreader/build/CMakeFiles/CMakeTmp

Run Build Command:"/usr/bin/make" "cmTC_cdcf9/fast"
/usr/bin/make -f CMakeFiles/cmTC_cdcf9.dir/build.make CMakeFiles/cmTC_cdcf9.dir/build
make[1]: Entering directory '/home/acmece/桌面/xyzreader/build/CMakeFiles/CMakeTmp'
Building C object CMakeFiles/cmTC_cdcf9.dir/CheckSymbolExists.c.o
/usr/bin/cc     -o CMakeFiles/cmTC_cdcf9.dir/CheckSymbolExists.c.o   -c /home/acmece/桌面/xyzreader/build/CMakeFiles/CMakeTmp/CheckSymbolExists.c
Linking C executable cmTC_cdcf9
/usr/bin/cmake -E cmake_link_script CMakeFiles/cmTC_cdcf9.dir/link.txt --verbose=1
/usr/bin/cc       CMakeFiles/cmTC_cdcf9.dir/CheckSymbolExists.c.o  -o cmTC_cdcf9 -rdynamic 
CMakeFiles/cmTC_cdcf9.dir/CheckSymbolExists.c.o：在函数‘main’中：
CheckSymbolExists.c:(.text+0x16)：对‘pthread_create’未定义的引用
collect2: error: ld returned 1 exit status
CMakeFiles/cmTC_cdcf9.dir/build.make:97: recipe for target 'cmTC_cdcf9' failed
make[1]: *** [cmTC_cdcf9] Error 1
make[1]: Leaving directory '/home/acmece/桌面/xyzreader/build/CMakeFiles/CMakeTmp'
Makefile:126: recipe for target 'cmTC_cdcf9/fast' failed
make: *** [cmTC_cdcf9/fast] Error 2

File /home/acmece/桌面/xyzreader/build/CMakeFiles/CMakeTmp/CheckSymbolExists.c:
/* */
#include <pthread.h>

int main(int argc, char** argv)
{
  (void)argv;
#ifndef pthread_create
  return ((int*)(&pthread_create))[argc];
#else
  (void)argc;
  return 0;
#endif
}

Determining if the function pthread_create exists in the pthreads failed with the following output:
Change Dir: /home/acmece/桌面/xyzreader/build/CMakeFiles/CMakeTmp

Run Build Command:"/usr/bin/make" "cmTC_4cd36/fast"
/usr/bin/make -f CMakeFiles/cmTC_4cd36.dir/build.make CMakeFiles/cmTC_4cd36.dir/build
make[1]: Entering directory '/home/acmece/桌面/xyzreader/build/CMakeFiles/CMakeTmp'
Building C object CMakeFiles/cmTC_4cd36.dir/CheckFunctionExists.c.o
/usr/bin/cc    -DCHECK_FUNCTION_EXISTS=pthread_create   -o CMakeFiles/cmTC_4cd36.dir/CheckFunctionExists.c.o   -c /usr/share/cmake-3.5/Modules/CheckFunctionExists.c
Linking C executable cmTC_4cd36
/usr/bin/cmake -E cmake_link_script CMakeFiles/cmTC_4cd36.dir/link.txt --verbose=1
/usr/bin/cc   -DCHECK_FUNCTION_EXISTS=pthread_create    CMakeFiles/cmTC_4cd36.dir/CheckFunctionExists.c.o  -o cmTC_4cd36 -rdynamic -lpthreads 
/usr/bin/ld: 找不到 -lpthreads
collect2: error: ld returned 1 exit status
CMakeFiles/cmTC_4cd36.dir/build.make:97: recipe for target 'cmTC_4cd36' failed
make[1]: *** [cmTC_4cd36] Error 1
make[1]: Leaving directory '/home/acmece/桌面/xyzreader/build/CMakeFiles/CMakeTmp'
Makefile:126: recipe for target 'cmTC_4cd36/fast' failed
make: *** [cmTC_4cd36/fast] Error 2


